{"level":"error","message":"Error on POST /api/v1/auth/login:","service":"user-service","timestamp":"2025-11-28T22:02:48.632Z"}
{"level":"error","message":"Error on POST /api/v1/auth/login:","service":"user-service","timestamp":"2025-11-28T22:23:13.957Z"}
{"level":"error","message":"Error on POST /api/v1/auth/login:","service":"user-service","timestamp":"2025-11-29T01:51:37.964Z"}
{"level":"error","message":"Error on POST /api/v1/auth/login:","service":"user-service","timestamp":"2025-11-29T01:52:01.630Z"}
{"level":"error","message":"Error on POST /api/v1/auth/login:","service":"user-service","timestamp":"2025-11-29T01:52:06.580Z"}
{"level":"error","message":"Error on POST /api/v1/auth/login:","service":"user-service","timestamp":"2025-11-29T01:56:14.652Z"}
{"level":"error","message":"Error on POST /api/v1/auth/login:","service":"user-service","timestamp":"2025-11-29T02:00:17.349Z"}
{"level":"error","message":"Error on POST /api/v1/auth/login:","service":"user-service","timestamp":"2025-11-29T02:07:37.110Z"}
{"level":"error","message":"Error on GET /api/v1/admin/users:","service":"user-service","timestamp":"2025-11-29T03:49:02.973Z"}
{"level":"error","message":"Error on GET /api/v1/admin/users:","service":"user-service","timestamp":"2025-11-29T03:49:03.023Z"}
{"level":"error","message":"Error on GET /api/v1/admin/users:","service":"user-service","timestamp":"2025-11-29T03:49:04.079Z"}
{"level":"error","message":"Error on GET /api/v1/admin/users:","service":"user-service","timestamp":"2025-11-29T03:56:54.279Z"}
{"level":"error","message":"Error on GET /api/v1/admin/users:","service":"user-service","timestamp":"2025-11-29T03:56:54.302Z"}
{"level":"error","message":"Error on GET /api/v1/admin/users:","service":"user-service","timestamp":"2025-11-29T03:56:55.332Z"}
{"level":"error","message":"Error on GET /api/v1/admin/users:","service":"user-service","timestamp":"2025-11-29T03:57:05.730Z"}
{"level":"error","message":"Error on GET /api/v1/admin/users:","service":"user-service","timestamp":"2025-11-29T03:57:05.749Z"}
{"level":"error","message":"Error on GET /api/v1/admin/users:","service":"user-service","timestamp":"2025-11-29T03:57:06.809Z"}
{"level":"error","message":"Error on GET /api/v1/admin/users:","service":"user-service","timestamp":"2025-11-29T03:58:44.208Z"}
{"level":"error","message":"Error on GET /api/v1/admin/users:","service":"user-service","timestamp":"2025-11-29T03:58:44.234Z"}
{"level":"error","message":"Error on GET /api/v1/admin/users:","service":"user-service","timestamp":"2025-11-29T03:58:45.263Z"}
{"level":"error","message":"Error on GET /api/v1/admin/users:","service":"user-service","timestamp":"2025-11-29T03:59:26.722Z"}
{"level":"error","message":"Error on GET /api/v1/admin/users:","service":"user-service","timestamp":"2025-11-29T03:59:26.792Z"}
{"level":"error","message":"Error on GET /api/v1/admin/users:","service":"user-service","timestamp":"2025-11-29T03:59:27.845Z"}
{"level":"error","message":"Error on GET /api/v1/admin/users:","service":"user-service","timestamp":"2025-11-29T03:59:29.127Z"}
{"level":"error","message":"Error on GET /api/v1/admin/users:","service":"user-service","timestamp":"2025-11-29T03:59:29.166Z"}
{"level":"error","message":"Error on GET /api/v1/admin/users:","service":"user-service","timestamp":"2025-11-29T03:59:30.201Z"}
{"level":"error","message":"Error on GET /api/v1/admin/users:","service":"user-service","timestamp":"2025-11-29T04:00:14.872Z"}
{"level":"error","message":"Error on GET /api/v1/admin/users:","service":"user-service","timestamp":"2025-11-29T04:00:14.894Z"}
{"level":"error","message":"Error on GET /api/v1/admin/users:","service":"user-service","timestamp":"2025-11-29T04:00:15.933Z"}
{"level":"error","message":"Error on GET /api/v1/admin/users:","service":"user-service","timestamp":"2025-11-29T04:03:55.566Z"}
{"level":"error","message":"Error on GET /api/v1/admin/users:","service":"user-service","timestamp":"2025-11-29T04:03:55.585Z"}
{"level":"error","message":"Error on GET /api/v1/admin/users:","service":"user-service","timestamp":"2025-11-29T04:03:56.629Z"}
{"level":"error","message":"Error on GET /api/v1/admin/users:","service":"user-service","timestamp":"2025-11-29T04:03:58.230Z"}
{"level":"error","message":"Error on GET /api/v1/admin/users:","service":"user-service","timestamp":"2025-11-29T04:03:58.256Z"}
{"level":"error","message":"Error on GET /api/v1/admin/users:","service":"user-service","timestamp":"2025-11-29T04:03:59.322Z"}
{"level":"error","message":"Error on GET /api/v1/admin/users:","service":"user-service","timestamp":"2025-11-29T04:04:37.477Z"}
{"level":"error","message":"Error on GET /api/v1/admin/users:","service":"user-service","timestamp":"2025-11-29T04:04:37.563Z"}
{"level":"error","message":"Error on GET /api/v1/admin/users:","service":"user-service","timestamp":"2025-11-29T04:04:38.603Z"}
{"level":"error","message":"Error on GET /api/v1/admin/users:","service":"user-service","timestamp":"2025-11-29T04:09:40.468Z"}
{"level":"error","message":"Error on GET /api/v1/admin/users:","service":"user-service","timestamp":"2025-11-29T04:09:40.884Z"}
{"level":"error","message":"Error on GET /api/v1/admin/users:","service":"user-service","timestamp":"2025-11-29T04:09:41.928Z"}
{"level":"error","message":"Error on GET /api/v1/admin/users:","service":"user-service","timestamp":"2025-11-29T04:10:03.176Z"}
{"level":"error","message":"Error on GET /api/v1/admin/users:","service":"user-service","timestamp":"2025-11-29T04:10:03.265Z"}
{"level":"error","message":"Error on GET /api/v1/admin/users:","service":"user-service","timestamp":"2025-11-29T04:10:05.171Z"}
{"level":"error","message":"Error on GET /api/v1/admin/users:","service":"user-service","timestamp":"2025-11-29T04:10:27.193Z"}
{"level":"error","message":"Error on GET /api/v1/admin/users:","service":"user-service","timestamp":"2025-11-29T04:10:27.216Z"}
{"level":"error","message":"Error on GET /api/v1/admin/users:","service":"user-service","timestamp":"2025-11-29T04:10:28.247Z"}
{"level":"error","message":"Error on GET /api/v1/admin/users:","service":"user-service","timestamp":"2025-11-29T04:10:34.646Z"}
{"level":"error","message":"Error on GET /api/v1/admin/users:","service":"user-service","timestamp":"2025-11-29T04:10:34.669Z"}
{"level":"error","message":"Error on GET /api/v1/admin/users:","service":"user-service","timestamp":"2025-11-29T04:10:35.736Z"}
{"level":"error","message":"Error on GET /api/v1/admin/users:","service":"user-service","timestamp":"2025-11-29T21:23:34.833Z"}
{"level":"error","message":"Error on GET /api/v1/admin/users:","service":"user-service","timestamp":"2025-11-29T21:23:34.955Z"}
{"level":"error","message":"Error on GET /api/v1/admin/users:","service":"user-service","timestamp":"2025-11-29T21:23:36.110Z"}
{"level":"error","message":"Error on GET /api/v1/admin/users:","service":"user-service","timestamp":"2025-11-29T21:24:26.672Z"}
{"level":"error","message":"Error on GET /api/v1/admin/users:","service":"user-service","timestamp":"2025-11-29T21:24:26.768Z"}
{"level":"error","message":"Error on GET /api/v1/admin/users:","service":"user-service","timestamp":"2025-11-29T21:24:27.849Z"}
{"level":"error","message":"Error on GET /api/v1/admin/users:","service":"user-service","timestamp":"2025-11-29T21:45:03.929Z"}
{"level":"error","message":"Error on GET /api/v1/admin/users:","service":"user-service","timestamp":"2025-11-29T21:45:03.954Z"}
{"level":"error","message":"Error on GET /api/v1/admin/users:","service":"user-service","timestamp":"2025-11-29T21:45:04.990Z"}
{"level":"error","message":"Error on GET /api/v1/admin/users:","service":"user-service","timestamp":"2025-11-29T21:45:21.605Z"}
{"level":"error","message":"Error on GET /api/v1/admin/users:","service":"user-service","timestamp":"2025-11-29T21:45:21.630Z"}
{"level":"error","message":"Error on GET /api/v1/admin/users:","service":"user-service","timestamp":"2025-11-29T21:45:22.664Z"}
{"level":"error","message":"Error on GET /api/v1/admin/users:","service":"user-service","timestamp":"2025-11-29T21:45:56.800Z"}
{"level":"error","message":"Error on GET /api/v1/admin/users:","service":"user-service","timestamp":"2025-11-29T21:45:56.842Z"}
{"level":"error","message":"Error on GET /api/v1/admin/users:","service":"user-service","timestamp":"2025-11-29T21:45:57.885Z"}
{"level":"error","message":"Error on GET /api/v1/admin/users:","service":"user-service","timestamp":"2025-11-29T21:51:13.975Z"}
{"level":"error","message":"Error on GET /api/v1/admin/users:","service":"user-service","timestamp":"2025-11-29T21:51:14.033Z"}
{"level":"error","message":"Error on GET /api/v1/admin/users:","service":"user-service","timestamp":"2025-11-29T21:51:15.074Z"}
{"level":"error","message":"Error on GET /api/v1/admin/users:","service":"user-service","timestamp":"2025-11-29T21:52:26.171Z"}
{"level":"error","message":"Error on GET /api/v1/admin/users:","service":"user-service","timestamp":"2025-11-29T21:52:26.194Z"}
{"level":"error","message":"Error on GET /api/v1/admin/users:","service":"user-service","timestamp":"2025-11-29T21:52:27.241Z"}
{"level":"error","message":"Error on GET /api/v1/admin/users:","service":"user-service","timestamp":"2025-11-29T21:53:06.870Z"}
{"level":"error","message":"Error on GET /api/v1/admin/users:","service":"user-service","timestamp":"2025-11-29T21:53:06.905Z"}
{"level":"error","message":"Error on GET /api/v1/admin/users:","service":"user-service","timestamp":"2025-11-29T21:53:07.932Z"}
{"level":"error","message":"Error on GET /api/v1/admin/users:","service":"user-service","timestamp":"2025-11-29T21:53:10.185Z"}
{"level":"error","message":"Error on GET /api/v1/admin/users:","service":"user-service","timestamp":"2025-11-29T21:53:10.206Z"}
{"level":"error","message":"Error on GET /api/v1/admin/users:","service":"user-service","timestamp":"2025-11-29T21:53:11.272Z"}
{"level":"error","message":"Error on GET /api/v1/admin/users:","service":"user-service","timestamp":"2025-11-29T22:07:05.945Z"}
{"level":"error","message":"Error on GET /api/v1/teacher/my-sessions:","service":"user-service","timestamp":"2025-12-03T22:29:03.347Z"}
{"level":"error","message":"Error on POST /api/v1/teacher/exams:","service":"user-service","timestamp":"2025-12-04T01:02:00.554Z"}
{"level":"error","message":"Error on POST /api/v1/teacher/exams:","service":"user-service","timestamp":"2025-12-04T01:03:27.988Z"}
{"level":"error","message":"Error on POST /api/v1/teacher/exams:","service":"user-service","timestamp":"2025-12-04T02:08:45.183Z"}
{"level":"error","message":"Error on POST /api/v1/teacher/exams:","service":"user-service","timestamp":"2025-12-04T02:08:57.263Z"}
{"level":"error","message":"Error on POST /api/v1/auth/login:","service":"user-service","timestamp":"2025-12-04T23:10:19.640Z"}
{"level":"error","message":"Error on POST /api/v1/auth/login:","service":"user-service","timestamp":"2025-12-04T23:10:46.459Z"}
{"level":"error","message":"Error on POST /api/v1/auth/login:","service":"user-service","timestamp":"2025-12-04T23:10:50.553Z"}
{"level":"error","message":"Error on POST /api/v1/auth/login:","service":"user-service","timestamp":"2025-12-04T23:11:00.172Z"}
{"level":"error","message":"Error on POST /api/v1/auth/login:","service":"user-service","timestamp":"2025-12-04T23:11:13.920Z"}
{"level":"error","message":"Error on POST /api/v1/auth/login:","service":"user-service","timestamp":"2025-12-04T23:12:18.761Z"}
{"level":"error","message":"Error on POST /api/v1/student/exams/a322ce1b-524a-4fea-b8b8-96c4bb9aa1f8/attempts/44bcbd57-2dcc-49a4-bb1c-1a3f587f534e/answers:","service":"user-service","timestamp":"2025-12-08T15:56:36.706Z"}
{"level":"error","message":"Error on POST /api/v1/student/exams/a322ce1b-524a-4fea-b8b8-96c4bb9aa1f8/attempts/6d2c73a4-f4c0-4fba-a17c-f73d6ed834d3/answers:","service":"user-service","timestamp":"2025-12-08T16:03:49.641Z"}
{"level":"error","message":"Error on POST /api/v1/student/exams/1f6a6103-971a-43b3-9e4d-6a2e4a591b42/attempts/6a928167-5167-474d-885c-248103d698bc/answers:","service":"user-service","timestamp":"2025-12-08T16:16:32.749Z"}
{"level":"error","message":"Error on POST /api/v1/student/exams/5671341c-c457-4243-965a-62572c43b52e/attempts/60e269dc-fdd4-4f0b-9797-2c7b0b4064a4/answers:","service":"user-service","timestamp":"2025-12-08T16:49:53.072Z"}
{"level":"error","message":"Error on POST /api/v1/student/exams/5671341c-c457-4243-965a-62572c43b52e/attempts/af5d4868-a79a-483f-b6be-26260096e1c8/answers:","service":"user-service","timestamp":"2025-12-08T16:52:41.504Z"}
{"level":"error","message":"Error on POST /api/v1/student/exams/021c3736-c903-42cd-ab3f-92dcdfda8ab1/attempts/9310038a-34cd-4e1f-bda8-ddbdd1f6191f/answers:","service":"user-service","timestamp":"2025-12-08T16:57:55.153Z"}
{"level":"error","message":"Error on POST /api/v1/student/exams/6ac2515b-a19e-45d1-abec-9026d0fcffc4/attempts/abc41772-7b47-4de8-bc95-a50e857ab739/answers:","service":"user-service","timestamp":"2025-12-08T17:38:13.024Z"}
